<?xml version="1.0" encoding="UTF-8"?>
<!-- Generated by org.testng.reporters.JUnitReportReporter -->
<testsuite skipped="0" hostname="MIS-BillyY1" name="com.foxapi.testCases.TC003_RESET_password" tests="5" failures="0" timestamp="25 Oct 2020 22:54:27 GMT" time="0.001" errors="0">
  <testcase name="checkResponseTime" time="0.000" classname="com.foxapi.testCases.TC003_RESET_password"/>
  <testcase name="checkResposeBody" time="0.001" classname="com.foxapi.testCases.TC003_RESET_password"/>
  <testcase name="checkContentType" time="0.000" classname="com.foxapi.testCases.TC003_RESET_password"/>
  <testcase name="checkStatusCode" time="0.000" classname="com.foxapi.testCases.TC003_RESET_password"/>
  <testcase name="checkstatusLine" time="0.000" classname="com.foxapi.testCases.TC003_RESET_password"/>
</testsuite> <!-- com.foxapi.testCases.TC003_RESET_password -->
